Customer 0 didn't want Tiffany and arrived at 1.60462, got barber 3 and will be done at 16.6046
Customer 1 didn't want Tiffany and arrived at 5.2545, got barber 2 and will be done at 20.2545
Customer 2 wanted Tiffany and arrived at 7.35937, got barber 0 and will be done at 22.3594
Customer 3 didn't want Tiffany and arrived at 7.6382, got barber 1 and will be done at 22.6382
Customer 4 didn't want Tiffany and arrived at 13.8604, got barber 3 and will be done at 31.6046
result.wantedTiffany = 0
Customer 0 didn't want Tiffany and arrived at 1.41349, got barber 0 and will be done at 16.4135
Customer 1 didn't want Tiffany and arrived at 3.99911, got barber 2 and will be done at 18.9991
Customer 2 didn't want Tiffany and arrived at 11.4934, got barber 1 and will be done at 26.4934
Customer 3 didn't want Tiffany and arrived at 13.1098, got barber 3 and will be done at 28.1098
Customer 4 didn't want Tiffany and arrived at 13.9358, got barber 0 and will be done at 31.4135
result.wantedTiffany = 0
Customer 0 didn't want Tiffany and arrived at 1.36257, got barber 3 and will be done at 16.3626
Customer 1 didn't want Tiffany and arrived at 3.60394, got barber 2 and will be done at 18.6039
Customer 2 didn't want Tiffany and arrived at 7.20882, got barber 1 and will be done at 22.2088
Customer 3 wanted Tiffany and arrived at 9.67726, got barber 0 and will be done at 24.6773
Customer 4 didn't want Tiffany and arrived at 10.6586, got barber 3 and will be done at 31.3626
result.wantedTiffany = 0
Customer 0 didn't want Tiffany and arrived at 1.70774, got barber 3 and will be done at 16.7077
Customer 1 didn't want Tiffany and arrived at 2.21311, got barber 0 and will be done at 17.2131
Customer 2 wanted Tiffany and arrived at 6.93563, got barber 0 and will be done at 32.2131
Customer 3 didn't want Tiffany and arrived at 10.7182, got barber 1 and will be done at 25.7182
Customer 4 didn't want Tiffany and arrived at 11.5417, got barber 2 and will be done at 26.5417
result.wantedTiffany = 1
Customer 0 wanted Tiffany and arrived at 8.29575, got barber 0 and will be done at 23.2957
Customer 1 didn't want Tiffany and arrived at 11.4466, got barber 1 and will be done at 26.4466
Customer 2 didn't want Tiffany and arrived at 12.3359, got barber 2 and will be done at 27.3359
Customer 3 wanted Tiffany and arrived at 14.2671, got barber 0 and will be done at 38.2957
Customer 4 didn't want Tiffany and arrived at 14.7215, got barber 3 and will be done at 29.7215
result.wantedTiffany = 1
Customer 0 didn't want Tiffany and arrived at 0.946851, got barber 2 and will be done at 15.9469
Customer 1 didn't want Tiffany and arrived at 7.04266, got barber 3 and will be done at 22.0427
Customer 2 didn't want Tiffany and arrived at 9.83132, got barber 1 and will be done at 24.8313
Customer 3 didn't want Tiffany and arrived at 9.97126, got barber 0 and will be done at 24.9713
Customer 4 didn't want Tiffany and arrived at 13.7287, got barber 2 and will be done at 30.9469
result.wantedTiffany = 0
Customer 0 didn't want Tiffany and arrived at 4.36947, got barber 0 and will be done at 19.3695
Customer 1 didn't want Tiffany and arrived at 6.06648, got barber 1 and will be done at 21.0665
Customer 2 didn't want Tiffany and arrived at 6.49765, got barber 3 and will be done at 21.4977
Customer 3 didn't want Tiffany and arrived at 7.76641, got barber 2 and will be done at 22.7664
Customer 4 wanted Tiffany and arrived at 14.9772, got barber 0 and will be done at 34.3695
result.wantedTiffany = 1
Customer 0 didn't want Tiffany and arrived at 0.974522, got barber 3 and will be done at 15.9745
Customer 1 didn't want Tiffany and arrived at 6.29469, got barber 0 and will be done at 21.2947
Customer 2 wanted Tiffany and arrived at 9.47589, got barber 0 and will be done at 36.2947
Customer 3 wanted Tiffany and arrived at 11.6193, got barber 0 and will be done at 51.2947
Customer 4 didn't want Tiffany and arrived at 14.8481, got barber 1 and will be done at 29.8481
result.wantedTiffany = 1
Customer 0 wanted Tiffany and arrived at 4.62158, got barber 0 and will be done at 19.6216
Customer 1 didn't want Tiffany and arrived at 4.87887, got barber 2 and will be done at 19.8789
Customer 2 didn't want Tiffany and arrived at 6.55514, got barber 3 and will be done at 21.5551
Customer 3 didn't want Tiffany and arrived at 9.21352, got barber 1 and will be done at 24.2135
Customer 4 didn't want Tiffany and arrived at 13.8865, got barber 0 and will be done at 34.6216
result.wantedTiffany = 0
Customer 0 wanted Tiffany and arrived at 0.290644, got barber 0 and will be done at 15.2906
Customer 1 didn't want Tiffany and arrived at 6.54079, got barber 2 and will be done at 21.5408
Customer 2 didn't want Tiffany and arrived at 9.84986, got barber 1 and will be done at 24.8499
Customer 3 didn't want Tiffany and arrived at 10.9846, got barber 3 and will be done at 25.9846
Customer 4 didn't want Tiffany and arrived at 13.8346, got barber 0 and will be done at 30.2906
result.wantedTiffany = 0
Customer 0 didn't want Tiffany and arrived at 1.77591, got barber 3 and will be done at 16.7759
Customer 1 didn't want Tiffany and arrived at 6.26523, got barber 1 and will be done at 21.2652
Customer 2 didn't want Tiffany and arrived at 10.3769, got barber 0 and will be done at 25.3769
Customer 3 didn't want Tiffany and arrived at 12.6862, got barber 2 and will be done at 27.6862
Customer 4 didn't want Tiffany and arrived at 14.6972, got barber 3 and will be done at 31.7759
result.wantedTiffany = 0
Customer 0 didn't want Tiffany and arrived at 5.1808, got barber 1 and will be done at 20.1808
Customer 1 wanted Tiffany and arrived at 5.49677, got barber 0 and will be done at 20.4968
Customer 2 didn't want Tiffany and arrived at 10.3264, got barber 3 and will be done at 25.3264
Customer 3 didn't want Tiffany and arrived at 14.01, got barber 2 and will be done at 29.01
Customer 4 didn't want Tiffany and arrived at 14.2908, got barber 1 and will be done at 35.1808
result.wantedTiffany = 0
Customer 0 didn't want Tiffany and arrived at 2.36698, got barber 3 and will be done at 17.367
Customer 1 wanted Tiffany and arrived at 3.24108, got barber 0 and will be done at 18.2411
Customer 2 didn't want Tiffany and arrived at 3.56924, got barber 2 and will be done at 18.5692
Customer 3 didn't want Tiffany and arrived at 7.84687, got barber 1 and will be done at 22.8469
Customer 4 didn't want Tiffany and arrived at 14.1881, got barber 3 and will be done at 32.367
result.wantedTiffany = 0
Customer 0 didn't want Tiffany and arrived at 1.20159, got barber 1 and will be done at 16.2016
Customer 1 didn't want Tiffany and arrived at 5.0973, got barber 3 and will be done at 20.0973
Customer 2 didn't want Tiffany and arrived at 8.01637, got barber 0 and will be done at 23.0164
Customer 3 didn't want Tiffany and arrived at 10.4715, got barber 2 and will be done at 25.4715
Customer 4 didn't want Tiffany and arrived at 13.9946, got barber 1 and will be done at 31.2016
result.wantedTiffany = 0
Customer 0 wanted Tiffany and arrived at 5.40122, got barber 0 and will be done at 20.4012
Customer 1 didn't want Tiffany and arrived at 7.73503, got barber 3 and will be done at 22.735
Customer 2 wanted Tiffany and arrived at 9.74983, got barber 0 and will be done at 35.4012
Customer 3 didn't want Tiffany and arrived at 12.6546, got barber 1 and will be done at 27.6546
Customer 4 didn't want Tiffany and arrived at 13.2253, got barber 2 and will be done at 28.2253
result.wantedTiffany = 1
Customer 0 didn't want Tiffany and arrived at 2.0682, got barber 1 and will be done at 17.0682
Customer 1 didn't want Tiffany and arrived at 3.3084, got barber 2 and will be done at 18.3084
Customer 2 didn't want Tiffany and arrived at 5.31227, got barber 0 and will be done at 20.3123
Customer 3 didn't want Tiffany and arrived at 12.0995, got barber 3 and will be done at 27.0995
Customer 4 wanted Tiffany and arrived at 14.3066, got barber 0 and will be done at 35.3123
result.wantedTiffany = 1
Customer 0 didn't want Tiffany and arrived at 4.10071, got barber 2 and will be done at 19.1007
Customer 1 didn't want Tiffany and arrived at 5.14208, got barber 1 and will be done at 20.1421
Customer 2 didn't want Tiffany and arrived at 7.96211, got barber 0 and will be done at 22.9621
Customer 3 wanted Tiffany and arrived at 10.1907, got barber 0 and will be done at 37.9621
Customer 4 didn't want Tiffany and arrived at 10.5971, got barber 3 and will be done at 25.5971
result.wantedTiffany = 1
Customer 0 didn't want Tiffany and arrived at 2.1132, got barber 3 and will be done at 17.1132
Customer 1 didn't want Tiffany and arrived at 4.37598, got barber 0 and will be done at 19.376
Customer 2 didn't want Tiffany and arrived at 10.4153, got barber 1 and will be done at 25.4153
Customer 3 didn't want Tiffany and arrived at 11.528, got barber 2 and will be done at 26.528
Customer 4 wanted Tiffany and arrived at 14.6288, got barber 0 and will be done at 34.376
result.wantedTiffany = 1
Customer 0 wanted Tiffany and arrived at 1.17625, got barber 0 and will be done at 16.1762
Customer 1 didn't want Tiffany and arrived at 3.52225, got barber 2 and will be done at 18.5222
Customer 2 didn't want Tiffany and arrived at 7.52399, got barber 3 and will be done at 22.524
Customer 3 wanted Tiffany and arrived at 8.39122, got barber 0 and will be done at 31.1762
Customer 4 didn't want Tiffany and arrived at 14.1704, got barber 1 and will be done at 29.1704
result.wantedTiffany = 1
Customer 0 wanted Tiffany and arrived at 3.4716, got barber 0 and will be done at 18.4716
Customer 1 didn't want Tiffany and arrived at 3.74785, got barber 1 and will be done at 18.7478
Customer 2 wanted Tiffany and arrived at 5.10113, got barber 0 and will be done at 33.4716
Customer 3 didn't want Tiffany and arrived at 6.38505, got barber 2 and will be done at 21.385
Customer 4 wanted Tiffany and arrived at 9.61512, got barber 0 and will be done at 48.4716
result.wantedTiffany = 1
...
564156/1000000 (56.4156%) wanted Tiffany. Average wait time: 18.3667minutes.
